Started on Aug 1, 2023, 7:05:52 AM
Started by event from 140.82.115.242 ⇒ http://8.213.24.177:8080/github-webhook/ on Tue Aug 01 07:05:51 UTC 2023
Using strategy: Default
[poll] Last Built Revision: Revision d3741258e3595433e474628f2a1b3829c8115660 (origin/main)
Selected Git installation does not exist. Using Default
The recommended git tool is: NONE
No credentials specified
 > git --version # timeout=10
 > git --version # 'git version 2.30.2'
 > git ls-remote -h -- https://github.com/omarRaafat/job101.git # timeout=10
Found 1 remote heads on https://github.com/omarRaafat/job101.git
[poll] Latest remote head revision on refs/heads/main is: f8f48a3d1165cc36a5c919edf95ec0cceb23dfcc
Using strategy: Default
[poll] Last Built Revision: Revision d3741258e3595433e474628f2a1b3829c8115660 (origin/main)
Selected Git installation does not exist. Using Default
The recommended git tool is: NONE
No credentials specified
 > git --version # timeout=10
 > git --version # 'git version 2.30.2'
 > git ls-remote -h -- https://github.com/omarRaafat/job101.git # timeout=10
Found 1 remote heads on https://github.com/omarRaafat/job101.git
[poll] Latest remote head revision on refs/heads/main is: f8f48a3d1165cc36a5c919edf95ec0cceb23dfcc
Using strategy: Default
[poll] Last Built Revision: Revision d3741258e3595433e474628f2a1b3829c8115660 (origin/main)
Selected Git installation does not exist. Using Default
The recommended git tool is: NONE
No credentials specified
 > git --version # timeout=10
 > git --version # 'git version 2.30.2'
 > git ls-remote -h -- https://github.com/omarRaafat/job101.git # timeout=10
Found 1 remote heads on https://github.com/omarRaafat/job101.git
[poll] Latest remote head revision on refs/heads/main is: f8f48a3d1165cc36a5c919edf95ec0cceb23dfcc
Done. Took 1.8 sec
Changes found
