--- Copying files at Thu Jun 22 15:17:08 UTC 2023
--- Copying files at Thu Jun 22 15:31:30 UTC 2023
--- Copying files at Thu Jun 22 15:36:58 UTC 2023
--- Copying files at Thu Jun 22 15:43:39 UTC 2023
--- Copying files at Thu Jun 22 15:46:53 UTC 2023
--- Copying files at Thu Jun 22 15:55:01 UTC 2023
--- Copying files at Tue Jul  4 07:49:49 UTC 2023
--- Copying files at Mon Jul 10 17:54:53 UTC 2023
--- Copying files at Mon Jul 10 18:00:58 UTC 2023
--- Copying files at Mon Jul 10 18:09:01 UTC 2023
--- Copying files at Mon Jul 10 18:25:54 UTC 2023
--- Copying files at Tue Jul 25 22:40:22 UTC 2023
--- Copying files at Tue Jul 25 22:43:21 UTC 2023
--- Copying files at Tue Jul 25 22:45:47 UTC 2023
--- Copying files at Tue Jul 25 22:46:42 UTC 2023
--- Copying files at Tue Jul 25 23:05:34 UTC 2023
--- Copying files at Tue Jul 25 23:06:25 UTC 2023
--- Copying files at Tue Jul 25 23:07:06 UTC 2023
--- Copying files at Tue Jul 25 23:08:50 UTC 2023
--- Copying files at Tue Jul 25 23:09:17 UTC 2023
--- Copying files at Tue Jul 25 23:15:56 UTC 2023
--- Copying files at Wed Jul 26 01:19:47 UTC 2023
--- Copying files at Tue Aug  1 06:59:48 UTC 2023
--- Copying files at Tue Aug  1 12:50:58 UTC 2023
--- Copying files at Tue Aug  8 20:23:47 UTC 2023
--- Copying files at Wed Aug  9 11:18:39 UTC 2023
--- Copying files at Mon Aug 14 17:05:28 UTC 2023
--- Copying files at Tue Aug 22 19:53:11 UTC 2023
