Started on Aug 1, 2023, 7:00:00 AM
Using strategy: Default
[poll] Last Built Revision: Revision bd4b4fee37237b5cab1a8eb94adae89275773316 (origin/main)
Selected Git installation does not exist. Using Default
The recommended git tool is: NONE
No credentials specified
 > git --version # timeout=10
 > git --version # 'git version 2.30.2'
 > git ls-remote -h -- https://github.com/omarRaafat/job101.git # timeout=10
Found 1 remote heads on https://github.com/omarRaafat/job101.git
[poll] Latest remote head revision on refs/heads/main is: d3741258e3595433e474628f2a1b3829c8115660
Using strategy: Default
[poll] Last Built Revision: Revision bd4b4fee37237b5cab1a8eb94adae89275773316 (origin/main)
Selected Git installation does not exist. Using Default
The recommended git tool is: NONE
No credentials specified
 > git --version # timeout=10
 > git --version # 'git version 2.30.2'
 > git ls-remote -h -- https://github.com/omarRaafat/job101.git # timeout=10
Found 1 remote heads on https://github.com/omarRaafat/job101.git
[poll] Latest remote head revision on refs/heads/main is: d3741258e3595433e474628f2a1b3829c8115660
Using strategy: Default
[poll] Last Built Revision: Revision bd4b4fee37237b5cab1a8eb94adae89275773316 (origin/main)
Selected Git installation does not exist. Using Default
The recommended git tool is: NONE
No credentials specified
 > git --version # timeout=10
 > git --version # 'git version 2.30.2'
 > git ls-remote -h -- https://github.com/omarRaafat/job101.git # timeout=10
Found 1 remote heads on https://github.com/omarRaafat/job101.git
[poll] Latest remote head revision on refs/heads/main is: d3741258e3595433e474628f2a1b3829c8115660
Done. Took 5.2 sec
Changes found
