Started at Mon Aug 14 17:36:38 UTC 2023
Processing excute-remote-commands
Offering excute-remote-commands to Project Build Discarder
Processing lara101-pipline
Offering lara101-pipline to Project Build Discarder
Finished at Mon Aug 14 17:36:38 UTC 2023. 0ms
Started at Mon Aug 14 18:36:38 UTC 2023
Processing excute-remote-commands
Offering excute-remote-commands to Project Build Discarder
Processing lara101-pipline
Offering lara101-pipline to Project Build Discarder
Finished at Mon Aug 14 18:36:38 UTC 2023. 0ms
Started at Mon Aug 14 19:36:38 UTC 2023
Processing excute-remote-commands
Offering excute-remote-commands to Project Build Discarder
Processing lara101-pipline
Offering lara101-pipline to Project Build Discarder
Finished at Mon Aug 14 19:36:38 UTC 2023. 0ms
Started at Mon Aug 14 20:36:38 UTC 2023
Processing excute-remote-commands
Offering excute-remote-commands to Project Build Discarder
Processing lara101-pipline
Offering lara101-pipline to Project Build Discarder
Finished at Mon Aug 14 20:36:38 UTC 2023. 0ms
Started at Mon Aug 14 21:36:38 UTC 2023
Processing excute-remote-commands
Offering excute-remote-commands to Project Build Discarder
Processing lara101-pipline
Offering lara101-pipline to Project Build Discarder
Finished at Mon Aug 14 21:36:38 UTC 2023. 1ms
Started at Mon Aug 14 22:36:38 UTC 2023
Processing excute-remote-commands
Offering excute-remote-commands to Project Build Discarder
Processing lara101-pipline
Offering lara101-pipline to Project Build Discarder
Finished at Mon Aug 14 22:36:38 UTC 2023. 2ms
Started at Mon Aug 14 23:36:38 UTC 2023
Processing excute-remote-commands
Offering excute-remote-commands to Project Build Discarder
Processing lara101-pipline
Offering lara101-pipline to Project Build Discarder
Finished at Mon Aug 14 23:36:38 UTC 2023. 0ms
Started at Tue Aug 15 00:36:38 UTC 2023
Processing excute-remote-commands
Offering excute-remote-commands to Project Build Discarder
Processing lara101-pipline
Offering lara101-pipline to Project Build Discarder
Finished at Tue Aug 15 00:36:38 UTC 2023. 0ms
Started at Tue Aug 15 01:36:38 UTC 2023
Processing excute-remote-commands
Offering excute-remote-commands to Project Build Discarder
Processing lara101-pipline
Offering lara101-pipline to Project Build Discarder
Finished at Tue Aug 15 01:36:38 UTC 2023. 1ms
Started at Tue Aug 15 02:36:38 UTC 2023
Processing excute-remote-commands
Offering excute-remote-commands to Project Build Discarder
Processing lara101-pipline
Offering lara101-pipline to Project Build Discarder
Finished at Tue Aug 15 02:36:38 UTC 2023. 1ms
Started at Tue Aug 15 03:36:38 UTC 2023
Processing excute-remote-commands
Offering excute-remote-commands to Project Build Discarder
Processing lara101-pipline
Offering lara101-pipline to Project Build Discarder
Finished at Tue Aug 15 03:36:38 UTC 2023. 1ms
Started at Tue Aug 15 04:36:38 UTC 2023
Processing excute-remote-commands
Offering excute-remote-commands to Project Build Discarder
Processing lara101-pipline
Offering lara101-pipline to Project Build Discarder
Finished at Tue Aug 15 04:36:38 UTC 2023. 1ms
Started at Tue Aug 15 05:36:38 UTC 2023
Processing excute-remote-commands
Offering excute-remote-commands to Project Build Discarder
Processing lara101-pipline
Offering lara101-pipline to Project Build Discarder
Finished at Tue Aug 15 05:36:38 UTC 2023. 0ms
